[debug] [2020-11-05T08:49:52.185Z] ----------------------------------------------------------------------
[debug] [2020-11-05T08:49:52.189Z] Command:       C:\Program Files\nodejs\node.exe C:\Users\saksh\AppData\Roaming\npm\node_modules\firebase-tools\lib\bin\firebase.js deploy
[debug] [2020-11-05T08:49:52.190Z] CLI Version:   8.9.0
[debug] [2020-11-05T08:49:52.190Z] Platform:      win32
[debug] [2020-11-05T08:49:52.190Z] Node Version:  v14.8.0
[debug] [2020-11-05T08:49:52.192Z] Time:          Thu Nov 05 2020 14:19:52 GMT+0530 (India Standard Time)
[debug] [2020-11-05T08:49:52.193Z] ----------------------------------------------------------------------
[debug] [2020-11-05T08:49:52.193Z] 
[debug] [2020-11-05T08:49:52.267Z] > command requires scopes: ["email","openid","https://www.googleapis.com/auth/cloudplatformprojects.readonly","https://www.googleapis.com/auth/firebase","https://www.googleapis.com/auth/cloud-platform"]
[debug] [2020-11-05T08:49:52.268Z] > authorizing via signed-in user
[debug] [2020-11-05T08:49:52.269Z] [iam] checking project blog-e25f9 for permissions ["firebase.projects.get","firebasehosting.sites.update"]
[debug] [2020-11-05T08:49:52.273Z] > refreshing access token with scopes: ["email","https://www.googleapis.com/auth/cloud-platform","https://www.googleapis.com/auth/cloudplatformprojects.readonly","https://www.googleapis.com/auth/firebase","openid"]
[debug] [2020-11-05T08:49:52.274Z] >>> HTTP REQUEST POST https://www.googleapis.com/oauth2/v3/token  
 <request body omitted>
[debug] [2020-11-05T08:49:54.539Z] <<< HTTP RESPONSE 200 {"pragma":"no-cache","cache-control":"no-cache, no-store, max-age=0, must-revalidate","date":"Thu, 05 Nov 2020 08:49:55 GMT","expires":"Mon, 01 Jan 1990 00:00:00 GMT","content-type":"application/json; charset=utf-8","vary":"X-Origin, Referer, Origin,Accept-Encoding","server":"scaffolding on HTTPServer2","x-xss-protection":"0","x-frame-options":"SAMEORIGIN","x-content-type-options":"nosniff","alt-svc":"h3-Q050=\":443\"; ma=2592000,h3-29=\":443\"; ma=2592000,h3-T051=\":443\"; ma=2592000,h3-T050=\":443\"; ma=2592000,h3-Q046=\":443\"; ma=2592000,h3-Q043=\":443\"; ma=2592000,quic=\":443\"; ma=2592000; v=\"46,43\"","accept-ranges":"none","transfer-encoding":"chunked"}
[debug] [2020-11-05T08:49:54.584Z] >>> HTTP REQUEST POST https://cloudresourcemanager.googleapis.com/v1/projects/blog-e25f9:testIamPermissions  
 {"permissions":["firebase.projects.get","firebasehosting.sites.update"]}
[debug] [2020-11-05T08:49:55.965Z] <<< HTTP RESPONSE 200 {"content-type":"application/json; charset=UTF-8","vary":"X-Origin, Referer, Origin,Accept-Encoding","date":"Thu, 05 Nov 2020 08:49:56 GMT","server":"ESF","cache-control":"private","x-xss-protection":"0","x-frame-options":"SAMEORIGIN","x-content-type-options":"nosniff","server-timing":"gfet4t7; dur=278","alt-svc":"h3-Q050=\":443\"; ma=2592000,h3-29=\":443\"; ma=2592000,h3-T051=\":443\"; ma=2592000,h3-T050=\":443\"; ma=2592000,h3-Q046=\":443\"; ma=2592000,h3-Q043=\":443\"; ma=2592000,quic=\":443\"; ma=2592000; v=\"46,43\"","accept-ranges":"none","transfer-encoding":"chunked"}
[debug] [2020-11-05T08:49:55.968Z] >>> HTTP REQUEST GET https://firebase.googleapis.com/v1beta1/projects/blog-e25f9  
 
[debug] [2020-11-05T08:49:57.298Z] <<< HTTP RESPONSE 200 {"content-type":"application/json; charset=UTF-8","vary":"X-Origin, Referer, Origin,Accept-Encoding","date":"Thu, 05 Nov 2020 08:49:58 GMT","server":"ESF","cache-control":"private","x-xss-protection":"0","x-frame-options":"SAMEORIGIN","x-content-type-options":"nosniff","alt-svc":"h3-Q050=\":443\"; ma=2592000,h3-29=\":443\"; ma=2592000,h3-T051=\":443\"; ma=2592000,h3-T050=\":443\"; ma=2592000,h3-Q046=\":443\"; ma=2592000,h3-Q043=\":443\"; ma=2592000,quic=\":443\"; ma=2592000; v=\"46,43\"","accept-ranges":"none","transfer-encoding":"chunked"}
[info] 
[info] === Deploying to 'blog-e25f9'...
[info] 
[info] i  deploying hosting 
[debug] [2020-11-05T08:49:57.310Z] >>> HTTP REQUEST POST https://firebasehosting.googleapis.com/v1beta1/sites/blog-e25f9/versions  
 {"config":{"rewrites":[{"glob":"**","path":"/index.html"}]},"labels":{"deployment-tool":"cli-firebase"}}
[debug] [2020-11-05T08:50:00.576Z] <<< HTTP RESPONSE 200 {"content-type":"application/json; charset=UTF-8","vary":"X-Origin, Referer, Origin,Accept-Encoding","date":"Thu, 05 Nov 2020 08:50:01 GMT","server":"ESF","cache-control":"private","x-xss-protection":"0","x-frame-options":"SAMEORIGIN","x-content-type-options":"nosniff","alt-svc":"h3-Q050=\":443\"; ma=2592000,h3-29=\":443\"; ma=2592000,h3-T051=\":443\"; ma=2592000,h3-T050=\":443\"; ma=2592000,h3-Q046=\":443\"; ma=2592000,h3-Q043=\":443\"; ma=2592000,quic=\":443\"; ma=2592000; v=\"46,43\"","accept-ranges":"none","transfer-encoding":"chunked"}
[info] i  hosting[blog-e25f9]: beginning deploy... 
[info] i  hosting[blog-e25f9]: found 24 files in build 
[debug] [2020-11-05T08:50:01.503Z] [hosting] hash cache [YnVpbGQ] stored for 24 files
[debug] [2020-11-05T08:50:01.503Z] [hosting][hash queue][FINAL] {"max":855,"min":43,"avg":93.83333333333333,"active":0,"complete":24,"success":24,"errored":0,"retried":0,"total":24,"elapsed":869}
[debug] [2020-11-05T08:50:01.503Z] >>> HTTP REQUEST POST https://firebasehosting.googleapis.com/v1beta1/sites/blog-e25f9/versions/c9306f2c5510aeab:populateFiles  
 <request body omitted>
[debug] [2020-11-05T08:50:03.967Z] <<< HTTP RESPONSE 200 {"content-type":"application/json; charset=UTF-8","vary":"X-Origin, Referer, Origin,Accept-Encoding","date":"Thu, 05 Nov 2020 08:50:04 GMT","server":"ESF","cache-control":"private","x-xss-protection":"0","x-frame-options":"SAMEORIGIN","x-content-type-options":"nosniff","alt-svc":"h3-Q050=\":443\"; ma=2592000,h3-29=\":443\"; ma=2592000,h3-T051=\":443\"; ma=2592000,h3-T050=\":443\"; ma=2592000,h3-Q046=\":443\"; ma=2592000,h3-Q043=\":443\"; ma=2592000,quic=\":443\"; ma=2592000; v=\"46,43\"","accept-ranges":"none","transfer-encoding":"chunked"}
[debug] [2020-11-05T08:50:03.979Z] [hosting][populate queue][FINAL] {"max":2469,"min":2469,"avg":2469,"active":0,"complete":1,"success":1,"errored":0,"retried":0,"total":1,"elapsed":2478}
[debug] [2020-11-05T08:50:03.980Z] [hosting] uploads queued: 12
[debug] [2020-11-05T08:50:25.592Z] [uploadQueue] Retrying task 8742201ce1fcac5f7af824644af9a420054d2ae03d91d1797f5d8ad01b2263c0
[debug] [2020-11-05T08:50:25.594Z] [uploadQueue] Retrying task 9516d0d5684d9194d33002b58fa96b7c4d8352e76f194048c9ccf25a291761c6
[debug] [2020-11-05T08:50:25.608Z] [uploadQueue] Retrying task 385d613bd0408a064cf10f7045718681fef3b1354bb1401077f1e224ad9f6469
[debug] [2020-11-05T08:50:25.609Z] [uploadQueue] Retrying task afe4eded3cf541c1f4a55701ce73de254f9e2547dba59764acc2b2735852ebaf
[debug] [2020-11-05T08:50:25.615Z] [uploadQueue] Retrying task 0000073e38d801ca815c54736afa974749ebce040dbee7698d51ae9fc3468762
[debug] [2020-11-05T08:50:47.436Z] [uploadQueue] Retrying task 8742201ce1fcac5f7af824644af9a420054d2ae03d91d1797f5d8ad01b2263c0
[debug] [2020-11-05T08:50:47.451Z] [uploadQueue] Retrying task afe4eded3cf541c1f4a55701ce73de254f9e2547dba59764acc2b2735852ebaf
[debug] [2020-11-05T08:50:54.934Z] [hosting][upload queue][FINAL] {"max":16676,"min":2378,"avg":4995.416666666667,"active":0,"complete":12,"success":12,"errored":0,"retried":7,"total":12,"elapsed":50966}
[info] +  hosting[blog-e25f9]: file upload complete 
[debug] [2020-11-05T08:50:54.936Z] [hosting] deploy completed after 54358ms
[debug] [2020-11-05T08:51:21.457Z] [
  {
    "config": {
      "public": "build",
      "ignore": [
        "firebase.json",
        "**/.*",
        "**/node_modules/**"
      ],
      "rewrites": [
        {
          "source": "**",
          "destination": "/index.html"
        }
      ],
      "site": "blog-e25f9"
    },
    "site": "blog-e25f9",
    "version": "sites/blog-e25f9/versions/c9306f2c5510aeab"
  }
]
[info] i  hosting[blog-e25f9]: finalizing version... 
[debug] [2020-11-05T08:51:21.459Z] >>> HTTP REQUEST PATCH https://firebasehosting.googleapis.com/v1beta1/sites/blog-e25f9/versions/c9306f2c5510aeab?updateMask=status  
 {"status":"FINALIZED"}
[debug] [2020-11-05T08:51:43.982Z] Error: connect ETIMEDOUT 172.217.166.202:443
    at TCPConnectWrap.afterConnect [as oncomplete] (net.js:1144:16)
[error] 
[error] Error: Server Error. connect ETIMEDOUT 172.217.166.202:443
[debug] [2020-11-05T08:51:58.561Z] ----------------------------------------------------------------------
[debug] [2020-11-05T08:51:58.563Z] Command:       C:\Program Files\nodejs\node.exe C:\Users\saksh\AppData\Roaming\npm\node_modules\firebase-tools\lib\bin\firebase.js deploy
[debug] [2020-11-05T08:51:58.564Z] CLI Version:   8.9.0
[debug] [2020-11-05T08:51:58.564Z] Platform:      win32
[debug] [2020-11-05T08:51:58.564Z] Node Version:  v14.8.0
[debug] [2020-11-05T08:51:58.565Z] Time:          Thu Nov 05 2020 14:21:58 GMT+0530 (India Standard Time)
[debug] [2020-11-05T08:51:58.566Z] ----------------------------------------------------------------------
[debug] [2020-11-05T08:51:58.566Z] 
[debug] [2020-11-05T08:51:58.580Z] > command requires scopes: ["email","openid","https://www.googleapis.com/auth/cloudplatformprojects.readonly","https://www.googleapis.com/auth/firebase","https://www.googleapis.com/auth/cloud-platform"]
[debug] [2020-11-05T08:51:58.581Z] > authorizing via signed-in user
[debug] [2020-11-05T08:51:58.582Z] [iam] checking project blog-e25f9 for permissions ["firebase.projects.get","firebasehosting.sites.update"]
[debug] [2020-11-05T08:51:58.587Z] >>> HTTP REQUEST POST https://cloudresourcemanager.googleapis.com/v1/projects/blog-e25f9:testIamPermissions  
 {"permissions":["firebase.projects.get","firebasehosting.sites.update"]}
